

Processing HomeController#quizzes (for 127.0.0.1 at 2010-02-18 22:57:52) [GET]
Redirected to http://localhost:3000/login
Filter chain halted as [:check_user_authorization] rendered_or_redirected.
Completed in 4ms | 302 Found [http://localhost/home]


Processing UsersController#login (for 127.0.0.1 at 2010-02-18 22:57:52) [GET]
Rendering template within layouts/application
Rendering users/login
Completed in 20ms (View: 19 | 200 OK [http://localhost/login]


Processing HomeController#products_search (for 127.0.0.1 at 2010-02-18 22:57:58) [GET]
Redirected to http://localhost:3000/login
Filter chain halted as [:check_user_authorization] rendered_or_redirected.
Completed in 2ms | 302 Found [http://localhost/products_search]


Processing UsersController#login (for 127.0.0.1 at 2010-02-18 22:57:58) [GET]
Rendering template within layouts/application
Rendering users/login
Completed in 6ms (View: 6 | 200 OK [http://localhost/login]


Processing HomeController#quizzes (for 127.0.0.1 at 2010-02-18 22:58:15) [GET]
Redirected to http://localhost:3000/login
Filter chain halted as [:check_user_authorization] rendered_or_redirected.
Completed in 2ms | 302 Found [http://localhost/home]


Processing UsersController#login (for 127.0.0.1 at 2010-02-18 22:58:15) [GET]
Rendering template within layouts/application
Rendering users/login
Completed in 6ms (View: 6 | 200 OK [http://localhost/login]


Processing HomeController#quizzes (for 127.0.0.1 at 2010-02-18 22:58:37) [GET]
Redirected to http://localhost:3000/login
Filter chain halted as [:check_user_authorization] rendered_or_redirected.
Completed in 2ms | 302 Found [http://localhost/home]


Processing UsersController#login (for 127.0.0.1 at 2010-02-18 22:58:37) [GET]
Rendering template within layouts/application
Rendering users/login
Completed in 6ms (View: 6 | 200 OK [http://localhost/login]


Processing HomeController#quizzes (for 127.0.0.1 at 2010-02-18 22:59:35) [GET]
Redirected to http://localhost:3000/login
Filter chain halted as [:check_user_authorization] rendered_or_redirected.
Completed in 118ms | 302 Found [http://localhost/home]


Processing UsersController#login (for 127.0.0.1 at 2010-02-18 22:59:35) [GET]
Rendering template within layouts/application
Rendering users/login
Completed in 5ms (View: 5 | 200 OK [http://localhost/login]


Processing HomeController#quizzes (for 127.0.0.1 at 2010-02-18 23:01:01) [GET]

RuntimeError (xxx=production):
  app/controllers/application_controller.rb:53:in `check_user_authorization'
  /System/Library/Frameworks/Ruby.framework/Versions/1.8/usr/lib/ruby/1.8/webrick/httpserver.rb:104:in `service'
  /System/Library/Frameworks/Ruby.framework/Versions/1.8/usr/lib/ruby/1.8/webrick/httpserver.rb:65:in `run'
  /System/Library/Frameworks/Ruby.framework/Versions/1.8/usr/lib/ruby/1.8/webrick/server.rb:173:in `start_thread'
  /System/Library/Frameworks/Ruby.framework/Versions/1.8/usr/lib/ruby/1.8/webrick/server.rb:162:in `start'
  /System/Library/Frameworks/Ruby.framework/Versions/1.8/usr/lib/ruby/1.8/webrick/server.rb:162:in `start_thread'
  /System/Library/Frameworks/Ruby.framework/Versions/1.8/usr/lib/ruby/1.8/webrick/server.rb:95:in `start'
  /System/Library/Frameworks/Ruby.framework/Versions/1.8/usr/lib/ruby/1.8/webrick/server.rb:92:in `each'
  /System/Library/Frameworks/Ruby.framework/Versions/1.8/usr/lib/ruby/1.8/webrick/server.rb:92:in `start'
  /System/Library/Frameworks/Ruby.framework/Versions/1.8/usr/lib/ruby/1.8/webrick/server.rb:23:in `start'
  /System/Library/Frameworks/Ruby.framework/Versions/1.8/usr/lib/ruby/1.8/webrick/server.rb:82:in `start'
  -e:1:in `load'
  -e:1

Rendering rescues/layout (internal_server_error)


Processing HomeController#quizzes (for 127.0.0.1 at 2010-02-18 23:01:46) [GET]

NoMethodError (undefined method `quizzes' for nil:NilClass):
  app/controllers/home_controller.rb:8:in `quizzes'
  /System/Library/Frameworks/Ruby.framework/Versions/1.8/usr/lib/ruby/1.8/webrick/httpserver.rb:104:in `service'
  /System/Library/Frameworks/Ruby.framework/Versions/1.8/usr/lib/ruby/1.8/webrick/httpserver.rb:65:in `run'
  /System/Library/Frameworks/Ruby.framework/Versions/1.8/usr/lib/ruby/1.8/webrick/server.rb:173:in `start_thread'
  /System/Library/Frameworks/Ruby.framework/Versions/1.8/usr/lib/ruby/1.8/webrick/server.rb:162:in `start'
  /System/Library/Frameworks/Ruby.framework/Versions/1.8/usr/lib/ruby/1.8/webrick/server.rb:162:in `start_thread'
  /System/Library/Frameworks/Ruby.framework/Versions/1.8/usr/lib/ruby/1.8/webrick/server.rb:95:in `start'
  /System/Library/Frameworks/Ruby.framework/Versions/1.8/usr/lib/ruby/1.8/webrick/server.rb:92:in `each'
  /System/Library/Frameworks/Ruby.framework/Versions/1.8/usr/lib/ruby/1.8/webrick/server.rb:92:in `start'
  /System/Library/Frameworks/Ruby.framework/Versions/1.8/usr/lib/ruby/1.8/webrick/server.rb:23:in `start'
  /System/Library/Frameworks/Ruby.framework/Versions/1.8/usr/lib/ruby/1.8/webrick/server.rb:82:in `start'
  -e:1:in `load'
  -e:1

Rendering rescues/layout (internal_server_error)
